GET -- /api/blog/list -- PostmanRuntime/7.23.0 -- 1585021664979
GET -- /api/blog/list -- PostmanRuntime/7.23.0 -- 1585021698157
GET -- /api/blog/list -- Mozilla/5.0 (Windows NT 10.0; Win64; x64) AppleWebKit/537.36 (KHTML, like Gecko) Chrome/80.0.3987.149 Safari/537.36 -- 1585021750828
GET -- /favicon.ico -- Mozilla/5.0 (Windows NT 10.0; Win64; x64) AppleWebKit/537.36 (KHTML, like Gecko) Chrome/80.0.3987.149 Safari/537.36 -- 1585021750966
GET -- /api/blog/list -- Mozilla/5.0 (Windows NT 10.0; Win64; x64) AppleWebKit/537.36 (KHTML, like Gecko) Chrome/80.0.3987.149 Safari/537.36 -- 1585028607385
GET -- /api/blog/list -- Mozilla/5.0 (Windows NT 10.0; Win64; x64; rv:67.0) Gecko/20100101 Firefox/67.0 -- 1585028655427
GET -- /api/blog/list -- Mozilla/5.0 (Windows NT 10.0; Win64; x64) AppleWebKit/537.36 (KHTML, like Gecko) Chrome/70.0.3538.102 Safari/537.36 Edge/18.18362 -- 1585028693532
POST -- /api/users/login -- PostmanRuntime/7.23.0 -- 1585032212460
POST -- /api/user/login -- PostmanRuntime/7.23.0 -- 1585032268175
POST -- /api/user/login -- PostmanRuntime/7.23.0 -- 1585032283318
POST -- /api/user/login -- PostmanRuntime/7.23.0 -- 1585032301060
POST -- /api/user/login -- PostmanRuntime/7.23.0 -- 1585032427905
POST -- /api/user/login -- PostmanRuntime/7.23.0 -- 1585032449986
POST -- /api/user/login -- PostmanRuntime/7.23.0 -- 1585032465532
POST -- /api/user/login -- PostmanRuntime/7.23.0 -- 1585032786974
POST -- /api/user/login -- PostmanRuntime/7.23.0 -- 1585032814479
POST -- /api/user/login -- PostmanRuntime/7.23.0 -- 1585032831293
POST -- /api/user/login -- PostmanRuntime/7.23.0 -- 1585032844195
POST -- /api/user/login -- PostmanRuntime/7.23.0 -- 1585032851129
POST -- /api/user/login -- PostmanRuntime/7.23.0 -- 1585032878971
POST -- /api/user/login -- PostmanRuntime/7.23.0 -- 1585032900968
POST -- /api/user/login -- PostmanRuntime/7.23.0 -- 1585033001197
POST -- /api/user/login -- PostmanRuntime/7.23.0 -- 1585033044529
POST -- /api/user/login -- PostmanRuntime/7.23.0 -- 1585033240276
POST -- /api/user/login -- PostmanRuntime/7.23.0 -- 1585033288823
POST -- /api/user/login -- PostmanRuntime/7.23.0 -- 1585033312088
POST -- /api/user/login -- PostmanRuntime/7.23.0 -- 1585033318428
POST -- /api/user/login -- PostmanRuntime/7.23.0 -- 1585033358523
POST -- /api/user/login -- PostmanRuntime/7.23.0 -- 1585033395486
POST -- /api/user/login -- PostmanRuntime/7.23.0 -- 1585033412633
POST -- /api/user/login -- PostmanRuntime/7.23.0 -- 1585033517747
POST -- /api/user/login -- PostmanRuntime/7.23.0 -- 1585033533270
POST -- /api/user/login -- PostmanRuntime/7.23.0 -- 1585033560927
POST -- /api/user/login -- PostmanRuntime/7.23.0 -- 1585033573127
POST -- /api/user/login -- PostmanRuntime/7.23.0 -- 1585033584732
POST -- /api/user/login -- PostmanRuntime/7.23.0 -- 1585033614417
POST -- /api/user/login -- PostmanRuntime/7.23.0 -- 1585033650118
POST -- /api/user/login -- PostmanRuntime/7.23.0 -- 1585033659383
POST -- /api/user/login -- PostmanRuntime/7.23.0 -- 1585033667090
POST -- /api/user/login -- PostmanRuntime/7.23.0 -- 1585033682487
POST -- /api/user/login -- PostmanRuntime/7.23.0 -- 1585033697391
POST -- /api/user/login -- PostmanRuntime/7.23.0 -- 1585033743004
POST -- /api/user/login -- PostmanRuntime/7.23.0 -- 1585033796851
POST -- /api/user/login -- PostmanRuntime/7.23.0 -- 1585034310344
POST -- /api/user/login -- PostmanRuntime/7.23.0 -- 1585034330464
POST -- /api/user/login -- PostmanRuntime/7.23.0 -- 1585034337317
POST -- /api/user/login -- PostmanRuntime/7.23.0 -- 1585036627882
POST -- /api/user/login -- PostmanRuntime/7.23.0 -- 1585036653319
POST -- /api/user/login -- PostmanRuntime/7.23.0 -- 1585036660603
